<?xml version="1.0" encoding="UTF-8"?>
<!-- Generated by org.testng.reporters.JUnitXMLReporter -->
<testsuite ignored="0" hostname="DESKTOP-G44EP04" failures="0" tests="4" name="Test" time="11.083" errors="0" timestamp="2023-04-05T20:13:29 IST">
  <testcase classname="test_class.GetTc1" name="orchestrator" time="5.565"/>
  <testcase classname="test_class.PatchTc1" name="orchestrator" time="2.285"/>
  <testcase classname="test_class.PostTc1" name="orchestrator" time="1.149"/>
  <testcase classname="test_class.PutTc1" name="orchestrator" time="1.835"/>
</testsuite> <!-- Test -->
