<?xml version="1.0" encoding="UTF-8"?>
<testng-results ignored="0" total="4" passed="4" failed="0" skipped="0">
  <reporter-output>
  </reporter-output>
  <suite started-at="2023-04-05T20:13:18 IST" name="Suite" finished-at="2023-04-05T20:13:29 IST" duration-ms="11083">
    <groups>
    </groups>
    <test started-at="2023-04-05T20:13:18 IST" name="Test" finished-at="2023-04-05T20:13:29 IST" duration-ms="11083">
      <class name="test_class.PutTc1">
        <test-method signature="orchestrator()[pri:0, instance:test_class.PutTc1@71329995]" started-at="2023-04-05T20:13:27 IST" name="orchestrator" finished-at="2023-04-05T20:13:29 IST" duration-ms="1835" status="PASS">
          <reporter-output>
          </reporter-output>
        </test-method> <!-- orchestrator -->
      </class> <!-- test_class.PutTc1 -->
      <class name="test_class.PostTc1">
        <test-method signature="orchestrator()[pri:0, instance:test_class.PostTc1@119cbf96]" started-at="2023-04-05T20:13:26 IST" name="orchestrator" finished-at="2023-04-05T20:13:27 IST" duration-ms="1149" status="PASS">
          <reporter-output>
          </reporter-output>
        </test-method> <!-- orchestrator -->
      </class> <!-- test_class.PostTc1 -->
      <class name="test_class.GetTc1">
        <test-method signature="orchestrator()[pri:0, instance:test_class.GetTc1@38ba6ce3]" started-at="2023-04-05T20:13:18 IST" name="orchestrator" finished-at="2023-04-05T20:13:24 IST" duration-ms="5565" status="PASS">
          <reporter-output>
          </reporter-output>
        </test-method> <!-- orchestrator -->
      </class> <!-- test_class.GetTc1 -->
      <class name="test_class.PatchTc1">
        <test-method signature="orchestrator()[pri:0, instance:test_class.PatchTc1@6f19ac19]" started-at="2023-04-05T20:13:24 IST" name="orchestrator" finished-at="2023-04-05T20:13:26 IST" duration-ms="2285" status="PASS">
          <reporter-output>
          </reporter-output>
        </test-method> <!-- orchestrator -->
      </class> <!-- test_class.PatchTc1 -->
    </test> <!-- Test -->
  </suite> <!-- Suite -->
</testng-results>
